<?xml version="1.0" encoding="UTF-8"?>
<Site BuildName="Win32-MSBuild"
	BuildStamp="20241028-1545-Experimental"
	Name="DESKTOP-ABUH075"
	Generator="ctest-3.29.5-msvc4"
	CompilerName="C:/Program Files/Microsoft Visual Studio/2022/Community/VC/Tools/MSVC/14.41.34120/bin/Hostx64/x64/cl.exe"
	CompilerVersion="19.41.34123.0"
	OSName="Windows"
	Hostname="DESKTOP-ABUH075"
	OSRelease=" Personal"
	OSVersion=" (Build 22631)"
	OSPlatform="AMD64"
	Is64Bits="1"
	VendorString="AuthenticAMD"
	VendorID="Advanced Micro Devices"
	FamilyID="15"
	ModelID="1"
	ProcessorCacheSize="64"
	NumberOfLogicalCPU="12"
	NumberOfPhysicalCPU="6"
	TotalVirtualMemory="34869"
	TotalPhysicalMemory="32693"
	LogicalProcessorsPerPhysical="2"
	ProcessorClockFrequency="3792"
	>
	<Testing>
		<StartDateTime>Oct 28 11:45 Eastern Daylight Time</StartDateTime>
		<StartTestTime>1730130325</StartTestTime>
		<TestList/>
		<EndDateTime>Oct 28 11:45 Eastern Daylight Time</EndDateTime>
		<EndTestTime>1730130325</EndTestTime>
		<ElapsedMinutes>0</ElapsedMinutes>
	</Testing>
</Site>
